[debug] [2026-05-17T15:12:59.429Z] ----------------------------------------------------------------------
[debug] [2026-05-17T15:12:59.430Z] Command:       /Users/luminouslabs/Library/Application Support/Herd/config/nvm/versions/node/v20.20.2/bin/node /Users/luminouslabs/Library/Application Support/Herd/config/nvm/versions/node/v20.20.2/bin/firebase projects:list
[debug] [2026-05-17T15:12:59.430Z] CLI Version:   15.16.0
[debug] [2026-05-17T15:12:59.430Z] Platform:      darwin
[debug] [2026-05-17T15:12:59.430Z] Node Version:  v20.20.2
[debug] [2026-05-17T15:12:59.430Z] Time:          Sun May 17 2026 21:12:59 GMT+0600 (Bangladesh Standard Time)
[debug] [2026-05-17T15:12:59.430Z] ----------------------------------------------------------------------
[debug] 
[debug] [2026-05-17T15:12:59.431Z] >>> [apiv2][query] GET https://firebase-public.firebaseio.com/cli.json [none]
[debug] [2026-05-17T15:12:59.523Z] > command requires scopes: ["email","openid","https://www.googleapis.com/auth/cloudplatformprojects.readonly","https://www.googleapis.com/auth/firebase","https://www.googleapis.com/auth/cloud-platform"]
[debug] [2026-05-17T15:12:59.523Z] > authorizing via signed-in user (srabonmozumder29@gmail.com)
[debug] [2026-05-17T15:12:59.524Z] Checked if tokens are valid: false, expires at: 1778934472190
[debug] [2026-05-17T15:12:59.524Z] Checked if tokens are valid: false, expires at: 1778934472190
[debug] [2026-05-17T15:12:59.524Z] > refreshing access token with scopes: []
[debug] [2026-05-17T15:12:59.525Z] >>> [apiv2][query] POST https://www.googleapis.com/oauth2/v3/token [none]
[debug] [2026-05-17T15:12:59.525Z] >>> [apiv2][body] POST https://www.googleapis.com/oauth2/v3/token [omitted]
[debug] [2026-05-17T15:12:59.755Z] <<< [apiv2][status] POST https://www.googleapis.com/oauth2/v3/token 200
[debug] [2026-05-17T15:12:59.755Z] <<< [apiv2][body] POST https://www.googleapis.com/oauth2/v3/token [omitted]
[debug] [2026-05-17T15:12:59.768Z] >>> [apiv2][query] GET https://firebase.googleapis.com/v1beta1/projects pageSize=1000
[debug] [2026-05-17T15:13:00.353Z] <<< [apiv2][status] GET https://firebase-public.firebaseio.com/cli.json 200
[debug] [2026-05-17T15:13:00.353Z] <<< [apiv2][body] GET https://firebase-public.firebaseio.com/cli.json {"cloudBuildErrorAfter":1594252800000,"cloudBuildWarnAfter":1590019200000,"defaultNode10After":1594252800000,"minVersion":"3.0.5","node8DeploysDisabledAfter":1613390400000,"node8RuntimeDisabledAfter":1615809600000,"node8WarnAfter":1600128000000}
[debug] [2026-05-17T15:13:08.641Z] <<< [apiv2][status] GET https://firebase.googleapis.com/v1beta1/projects 200
[debug] [2026-05-17T15:13:08.642Z] <<< [apiv2][body] GET https://firebase.googleapis.com/v1beta1/projects [omitted]
[info] ┌──────────────────────────┬──────────────────────────────┬────────────────┬──────────────────────┐
│ Project Display Name     │ Project ID                   │ Project Number │ Resource Location ID │
├──────────────────────────┼──────────────────────────────┼────────────────┼──────────────────────┤
│ AgroVue Landing          │ agrovue-landing              │ 58034228709    │ [Not specified]      │
├──────────────────────────┼──────────────────────────────┼────────────────┼──────────────────────┤
│ GetTracked Dashboard     │ gettracked-dashboard         │ 1080844339812  │ [Not specified]      │
├──────────────────────────┼──────────────────────────────┼────────────────┼──────────────────────┤
│ LuxeCart                 │ luxecart-store               │ 257811237256   │ [Not specified]      │
├──────────────────────────┼──────────────────────────────┼────────────────┼──────────────────────┤
│ Memory Card Game         │ memory-card-game-2024        │ 820855825297   │ [Not specified]      │
├──────────────────────────┼──────────────────────────────┼────────────────┼──────────────────────┤
│ srabonmozumder-protfolio │ my-protfolio-c19df (current) │ 827882044089   │ [Not specified]      │
├──────────────────────────┼──────────────────────────────┼────────────────┼──────────────────────┤
│ Sellora Ecommerce        │ sellora-ecommerce            │ 342118495238   │ [Not specified]      │
├──────────────────────────┼──────────────────────────────┼────────────────┼──────────────────────┤
│ travel-agency            │ travel-agency-bc91e          │ 458580752555   │ [Not specified]      │
├──────────────────────────┼──────────────────────────────┼────────────────┼──────────────────────┤
│ Zavisoft Kicks Store     │ zavisoft-kicks-store         │ 693534250659   │ [Not specified]      │
└──────────────────────────┴──────────────────────────────┴────────────────┴──────────────────────┘
[info] 
[info] 8 project(s) total.
[debug] [2026-05-17T15:13:18.672Z] Error: Timed out.
    at Timeout._onTimeout (/Users/luminouslabs/Library/Application Support/Herd/config/nvm/versions/node/v20.20.2/lib/node_modules/firebase-tools/lib/utils.js:309:49)
    at listOnTimeout (node:internal/timers:581:17)
    at process.processTimers (node:internal/timers:519:7)
[error] 
[error] Error: An unexpected error has occurred.
